[INFO] 00:10:55 Main main - Main program is starting
[INFO] 00:10:55 Main getRequestList - Started retrieval of scenarios XML files
[INFO] 00:10:55 Main getRequestList - Trying to retrieve scenario of XML filename Office365_Upload_File.xml
[INFO] 00:10:55 Main getRequestList - Retrieved all scenario xml files successfully
[INFO] 00:10:57 ScenarioManager run - Is incognito:false
[INFO] 00:10:57 ScenarioManager run - Number of runs:1
[INFO] 00:10:57 Office365ApplicationImpl doAction - Application : Office365
[INFO] 00:10:57 Office365ApplicationImpl doAction - Action requested :UPLOAD_FILE
[INFO] 00:10:57 Office365ApplicationImpl login - Trying to log in to office365
[INFO] 00:11:06 Office365ApplicationImpl uploadFile - Trying to upload files to OneDrive
[INFO] 00:11:31 Main main - Main program finished successfully
[INFO] 00:12:56 Main main - Main program is starting
[INFO] 00:12:56 Main getRequestList - Started retrieval of scenarios XML files
[INFO] 00:12:56 Main getRequestList - Trying to retrieve scenario of XML filename Office365_Upload_File.xml
[INFO] 00:12:56 Main getRequestList - Retrieved all scenario xml files successfully
[INFO] 00:12:59 ScenarioManager run - Is incognito:false
[INFO] 00:12:59 ScenarioManager run - Number of runs:1
[INFO] 00:12:59 Office365ApplicationImpl doAction - Application : Office365
[INFO] 00:12:59 Office365ApplicationImpl doAction - Action requested :UPLOAD_FILE
[INFO] 00:12:59 Office365ApplicationImpl login - Trying to log in to office365
[INFO] 00:13:07 Office365ApplicationImpl uploadFile - Trying to upload files to OneDrive
[INFO] 00:13:07 Office365ApplicationImpl uploadFile - Pay attention that files that have no content will be rejected by OneDrive
[INFO] 00:13:32 Main main - Main program finished successfully
